04, 03, 2018 (15:38:30): Opening rpy file C:\Program Files (x86)\IBM\Rational\Rhapsody Modeler\7.5\Share\Properties\PredefinedTypes.sbs
04, 03, 2018 (15:38:30): 
 Started loading C:\Program Files (x86)\IBM\Rational\Rhapsody Modeler\7.5\Share\Properties\PredefinedTypes.sbs on Tuesday, April 03, 2018 (15:38:30).-

04, 03, 2018 (15:38:30): 

Starting inUnit resolution phase


04, 03, 2018 (15:38:30): 

Finished inUnit resolution phase


04, 03, 2018 (15:38:30): 
 Finished loading C:\Program Files (x86)\IBM\Rational\Rhapsody Modeler\7.5\Share\Properties\PredefinedTypes.sbs on Tuesday, April 03, 2018 (15:38:30).-

04, 03, 2018 (15:38:30): Opening rpy file C:\Program Files (x86)\IBM\Rational\Rhapsody Modeler\7.5\Share\Properties\PredefinedTypesC++.sbs
04, 03, 2018 (15:38:30): 
 Started loading C:\Program Files (x86)\IBM\Rational\Rhapsody Modeler\7.5\Share\Properties\PredefinedTypesC++.sbs on Tuesday, April 03, 2018 (15:38:30).-

04, 03, 2018 (15:38:30): 

Starting inUnit resolution phase


04, 03, 2018 (15:38:30): 

Finished inUnit resolution phase


04, 03, 2018 (15:38:30): 
 Finished loading C:\Program Files (x86)\IBM\Rational\Rhapsody Modeler\7.5\Share\Properties\PredefinedTypesC++.sbs on Tuesday, April 03, 2018 (15:38:30).-

04, 03, 2018 (15:38:30): Opening rpy file D:\IM420\HandSet\HandSet.rpy
04, 03, 2018 (15:38:30): 
 Started loading D:\IM420\HandSet\HandSet.rpy on Tuesday, April 03, 2018 (15:38:30).-

04, 03, 2018 (15:38:30): Opening rpy file D:\IM420\HandSet\HandSet_rpy\RequerimentsPkg.sbs
04, 03, 2018 (15:38:30): 
 Started loading D:\IM420\HandSet\HandSet_rpy\RequerimentsPkg.sbs on Tuesday, April 03, 2018 (15:38:30).-

04, 03, 2018 (15:38:30): 

Starting inUnit resolution phase


04, 03, 2018 (15:38:30): 

Finished inUnit resolution phase


04, 03, 2018 (15:38:30): 
 Finished loading D:\IM420\HandSet\HandSet_rpy\RequerimentsPkg.sbs on Tuesday, April 03, 2018 (15:38:30).-

04, 03, 2018 (15:38:30): Opening rpy file D:\IM420\HandSet\HandSet_rpy\AnalysisPkg.sbs
04, 03, 2018 (15:38:30): 
 Started loading D:\IM420\HandSet\HandSet_rpy\AnalysisPkg.sbs on Tuesday, April 03, 2018 (15:38:30).-

04, 03, 2018 (15:38:30): 

Starting inUnit resolution phase


04, 03, 2018 (15:38:30): 

Finished inUnit resolution phase


04, 03, 2018 (15:38:30): 
 Finished loading D:\IM420\HandSet\HandSet_rpy\AnalysisPkg.sbs on Tuesday, April 03, 2018 (15:38:30).-

04, 03, 2018 (15:38:30): Opening rpy file D:\IM420\HandSet\HandSet_rpy\ArchitecturePkg.sbs
04, 03, 2018 (15:38:30): 
 Started loading D:\IM420\HandSet\HandSet_rpy\ArchitecturePkg.sbs on Tuesday, April 03, 2018 (15:38:30).-

04, 03, 2018 (15:38:30): 

Starting inUnit resolution phase


04, 03, 2018 (15:38:30): 

Finished inUnit resolution phase


04, 03, 2018 (15:38:30): 
 Finished loading D:\IM420\HandSet\HandSet_rpy\ArchitecturePkg.sbs on Tuesday, April 03, 2018 (15:38:30).-

04, 03, 2018 (15:38:30): Opening rpy file D:\IM420\HandSet\HandSet_rpy\SubsystemsPkg.sbs
04, 03, 2018 (15:38:30): 
 Started loading D:\IM420\HandSet\HandSet_rpy\SubsystemsPkg.sbs on Tuesday, April 03, 2018 (15:38:30).-

04, 03, 2018 (15:38:30): Opening rpy file D:\IM420\HandSet\HandSet_rpy\CM_SubsystemPkg.sbs
04, 03, 2018 (15:38:30): 
 Started loading D:\IM420\HandSet\HandSet_rpy\CM_SubsystemPkg.sbs on Tuesday, April 03, 2018 (15:38:30).-

04, 03, 2018 (15:38:30): 

Starting inUnit resolution phase


04, 03, 2018 (15:38:30): 

Finished inUnit resolution phase


04, 03, 2018 (15:38:30): 
 Finished loading D:\IM420\HandSet\HandSet_rpy\CM_SubsystemPkg.sbs on Tuesday, April 03, 2018 (15:38:30).-

04, 03, 2018 (15:38:30): Opening rpy file D:\IM420\HandSet\HandSet_rpy\MM_SubsystemPkg.sbs
04, 03, 2018 (15:38:30): 
 Started loading D:\IM420\HandSet\HandSet_rpy\MM_SubsystemPkg.sbs on Tuesday, April 03, 2018 (15:38:30).-

04, 03, 2018 (15:38:30): 

Starting inUnit resolution phase


04, 03, 2018 (15:38:30): 

Finished inUnit resolution phase


04, 03, 2018 (15:38:30): 
 Finished loading D:\IM420\HandSet\HandSet_rpy\MM_SubsystemPkg.sbs on Tuesday, April 03, 2018 (15:38:30).-

04, 03, 2018 (15:38:30): Opening rpy file D:\IM420\HandSet\HandSet_rpy\DL_SubsystemPkg.sbs
04, 03, 2018 (15:38:30): 
 Started loading D:\IM420\HandSet\HandSet_rpy\DL_SubsystemPkg.sbs on Tuesday, April 03, 2018 (15:38:30).-

04, 03, 2018 (15:38:30): 

Starting inUnit resolution phase


04, 03, 2018 (15:38:30): 

Finished inUnit resolution phase


04, 03, 2018 (15:38:30): 
 Finished loading D:\IM420\HandSet\HandSet_rpy\DL_SubsystemPkg.sbs on Tuesday, April 03, 2018 (15:38:30).-

04, 03, 2018 (15:38:30): 

Starting inUnit resolution phase


04, 03, 2018 (15:38:30): 

Finished inUnit resolution phase


04, 03, 2018 (15:38:30): 
 Finished loading D:\IM420\HandSet\HandSet_rpy\SubsystemsPkg.sbs on Tuesday, April 03, 2018 (15:38:30).-

04, 03, 2018 (15:38:30): Opening rpy file D:\IM420\HandSet\HandSet_rpy\DefaultComponent.cmp
04, 03, 2018 (15:38:30): 
 Started loading D:\IM420\HandSet\HandSet_rpy\DefaultComponent.cmp on Tuesday, April 03, 2018 (15:38:30).-

04, 03, 2018 (15:38:30): 

Starting inUnit resolution phase


04, 03, 2018 (15:38:30): 

Finished inUnit resolution phase


04, 03, 2018 (15:38:30): 
 Finished loading D:\IM420\HandSet\HandSet_rpy\DefaultComponent.cmp on Tuesday, April 03, 2018 (15:38:30).-

04, 03, 2018 (15:38:30): 

Starting inUnit resolution phase


04, 03, 2018 (15:38:30): 

Finished inUnit resolution phase


04, 03, 2018 (15:38:30): 

Starting inUnit resolution phase


04, 03, 2018 (15:38:30): 

Finished inUnit resolution phase


04, 03, 2018 (15:38:30): 

Starting inUnit resolution phase


04, 03, 2018 (15:38:30): 

Finished inUnit resolution phase


04, 03, 2018 (15:38:30): 
 Finished loading D:\IM420\HandSet\HandSet.rpy on Tuesday, April 03, 2018 (15:38:30).-

04, 03, 2018 (15:38:30): Starting checks of EventsBaseID conflicts
04, 03, 2018 (15:38:30): Finished checks of EventsBaseID conflicts
04, 03, 2018 (15:38:30): End Log
